<?xml version="1.0" encoding="UTF-8"?>
<testsuite name="ohtu.lyyrakortti.KassapaateTest" tests="4" skipped="0" failures="0" errors="0" timestamp="2017-04-23T14:46:58" hostname="Joni-MacBook-Air.local" time="0.531">
  <properties/>
  <testcase name="kortiltaVelotetaanHintaJosRahaaOn" classname="ohtu.lyyrakortti.KassapaateTest" time="0.523"/>
  <testcase name="kortilleLadataanRahaaJosSummaPositiivinen" classname="ohtu.lyyrakortti.KassapaateTest" time="0.004"/>
  <testcase name="kortilleEiLadataRahaaJosSummaNegatiivinen" classname="ohtu.lyyrakortti.KassapaateTest" time="0.002"/>
  <testcase name="kortiltaEiVelotetaJosRahaEiRiita" classname="ohtu.lyyrakortti.KassapaateTest" time="0.001"/>
  <system-out><![CDATA[]]></system-out>
  <system-err><![CDATA[]]></system-err>
</testsuite>
